<?xml version="1.0" encoding="UTF-8"?>
<!-- Generated by org.testng.reporters.JUnitReportReporter -->
<testsuite skipped="0" hostname="DESKTOP-ABGGL0D" name="com.test.concepts.DependencyTest" tests="4" failures="0" timestamp="2021-02-05T13:46:18 IST" time="0.018" errors="0">
  <testcase name="searchLaptop" time="0.002" classname="com.test.concepts.DependencyTest"/>
  <system-out/>
  <testcase name="searchMobile" time="0.010" classname="com.test.concepts.DependencyTest"/>
  <system-out/>
  <testcase name="searchTV" time="0.003" classname="com.test.concepts.DependencyTest"/>
  <system-out/>
  <testcase name="searchWatch" time="0.003" classname="com.test.concepts.DependencyTest"/>
  <system-out/>
</testsuite> <!-- com.test.concepts.DependencyTest -->
