<?xml version="1.0" encoding="UTF-8"?>
<!-- Generated by org.testng.reporters.JUnitReportReporter -->
<testsuite skipped="0" hostname="DESKTOP-ABGGL0D" name="com.test.concepts.GroupTest" tests="6" failures="0" timestamp="2021-02-05T13:45:00 IST" time="0.029" errors="0">
  <testcase name="JavaTest2" time="0.002" classname="com.test.concepts.GroupTest"/>
  <system-out/>
  <testcase name="APITest2" time="0.003" classname="com.test.concepts.GroupTest"/>
  <system-out/>
  <testcase name="JavaTest1" time="0.002" classname="com.test.concepts.GroupTest"/>
  <system-out/>
  <testcase name="APITest1" time="0.012" classname="com.test.concepts.GroupTest"/>
  <system-out/>
  <testcase name="seleniumTest1" time="0.005" classname="com.test.concepts.GroupTest"/>
  <system-out/>
  <testcase name="seleniumTest2" time="0.005" classname="com.test.concepts.GroupTest"/>
  <system-out/>
</testsuite> <!-- com.test.concepts.GroupTest -->
