<?xml version="1.0" encoding="UTF-8"?>
<!-- Generated by org.testng.reporters.JUnitReportReporter -->
<testsuite skipped="0" hostname="DESKTOP-ABGGL0D" name="com.test.concepts.InvocationCount" tests="11" failures="0" timestamp="2020-12-23T11:29:55 IST" time="0.029" errors="0">
  <testcase name="Searchdress" time="0.001" classname="com.test.concepts.InvocationCount"/>
  <system-out/>
  <testcase name="Searchdress" time="0.001" classname="com.test.concepts.InvocationCount"/>
  <system-out/>
  <testcase name="Searchdress" time="0.001" classname="com.test.concepts.InvocationCount"/>
  <system-out/>
  <testcase name="Searchdress" time="0.002" classname="com.test.concepts.InvocationCount"/>
  <system-out/>
  <testcase name="SearchWatch" time="0.001" classname="com.test.concepts.InvocationCount"/>
  <system-out/>
  <testcase name="SearchWatch" time="0.002" classname="com.test.concepts.InvocationCount"/>
  <system-out/>
  <testcase name="SearchTV" time="0.002" classname="com.test.concepts.InvocationCount"/>
  <system-out/>
  <testcase name="Searchdress" time="0.002" classname="com.test.concepts.InvocationCount"/>
  <system-out/>
  <testcase name="SearchWatch" time="0.002" classname="com.test.concepts.InvocationCount"/>
  <system-out/>
  <testcase name="SearchLaptop" time="0.009" classname="com.test.concepts.InvocationCount"/>
  <system-out/>
  <testcase name="Searchdress" time="0.006" classname="com.test.concepts.InvocationCount"/>
  <system-out/>
</testsuite> <!-- com.test.concepts.InvocationCount -->
