<?xml version="1.0" encoding="UTF-8"?>
<!-- Generated by org.testng.reporters.JUnitReportReporter -->
<testsuite skipped="1" hostname="DESKTOP-ABGGL0D" name="com.test.concepts.IgnoreTest" tests="2" failures="0" timestamp="2020-12-22T14:00:36 IST" time="0.010" errors="0">
  <testcase name="SearchMobile" time="0.010" classname="com.test.concepts.IgnoreTest"/>
  <system-out/>
  <testcase name="SearchTv" classname="com.test.concepts.IgnoreTest">
    <skipped/>
  </testcase> <!-- SearchTv -->
  <system-out/>
</testsuite> <!-- com.test.concepts.IgnoreTest -->
