<?xml version="1.0" encoding="UTF-8"?>
<!-- Generated by org.testng.reporters.JUnitReportReporter -->
<testsuite skipped="0" hostname="DESKTOP-ABGGL0D" name="com.test.concepts.PriorityTest" tests="5" failures="0" timestamp="2020-12-22T15:04:10 IST" time="0.014" errors="0">
  <testcase name="SearchShoes" time="0.002" classname="com.test.concepts.PriorityTest"/>
  <system-out/>
  <testcase name="SearchFruits" time="0.007" classname="com.test.concepts.PriorityTest"/>
  <system-out/>
  <testcase name="SearchMilk" time="0.002" classname="com.test.concepts.PriorityTest"/>
  <system-out/>
  <testcase name="SearchDress" time="0.001" classname="com.test.concepts.PriorityTest"/>
  <system-out/>
  <testcase name="SearchFlower" time="0.002" classname="com.test.concepts.PriorityTest"/>
  <system-out/>
</testsuite> <!-- com.test.concepts.PriorityTest -->
