<?xml version="1.0" encoding="UTF-8"?>
<!-- Generated by org.testng.reporters.JUnitReportReporter -->
<testsuite skipped="0" hostname="DESKTOP-ABGGL0D" name="com.test.concepts.SimpleAnnotations" tests="2" failures="0" timestamp="2020-12-19T12:17:00 IST" time="0.014" errors="0">
  <testcase name="SearchLaptop" time="0.009" classname="com.test.concepts.SimpleAnnotations"/>
  <system-out/>
  <testcase name="SearchMobile" time="0.005" classname="com.test.concepts.SimpleAnnotations"/>
  <system-out/>
</testsuite> <!-- com.test.concepts.SimpleAnnotations -->
